android/app/build/intermediates/manifest_merge_blame_file/debug/manifest-merger-blame-debug-report.txt
1<?xml version="1.0" encoding="utf-8"?>
2<manifest xmlns:android="http://schemas.android.com/apk/res/android"
3    package="com.addtek.sportsbook"
4    android:versionCode="4194305"
5    android:versionName="1.0" >
6
7    <uses-sdk
8        android:minSdkVersion="16"
9        android:targetSdkVersion="28" />
10
11    <uses-permission android:name="android.permission.SYSTEM_ALERT_WINDOW" />
11-->src/debug/AndroidManifest.xml:5:5-77
11-->src/debug/AndroidManifest.xml:5:22-75
12    <uses-permission android:name="android.permission.INTERNET" />
12-->src/main/AndroidManifest.xml:4:5-67
12-->src/main/AndroidManifest.xml:4:22-64
13    <uses-permission android:name="android.permission.READ_EXTERNAL_STORAGE" />
13-->src/main/AndroidManifest.xml:5:5-80
13-->src/main/AndroidManifest.xml:5:22-77
14    <uses-permission android:name="android.permission.WRITE_EXTERNAL_STORAGE" />
14-->src/main/AndroidManifest.xml:6:5-81
14-->src/main/AndroidManifest.xml:6:22-78
15    <uses-permission android:name="android.permission.DOWNLOAD_WITHOUT_NOTIFICATION" />
15-->src/main/AndroidManifest.xml:7:5-88
15-->src/main/AndroidManifest.xml:7:22-85
16    <uses-permission android:name="android.permission.REQUEST_INSTALL_PACKAGES" />
16-->src/main/AndroidManifest.xml:8:5-82
16-->src/main/AndroidManifest.xml:8:22-80
17    <uses-permission android:name="android.permission.ACCESS_NETWORK_STATE" />
17-->[:@react-native-community_netinfo] AndroidManifest.xml:9:5-79
17-->[:@react-native-community_netinfo] AndroidManifest.xml:9:22-76
18    <uses-permission android:name="android.permission.ACCESS_WIFI_STATE" /> <!-- Required to access Google Play Licensing -->
18-->[:@react-native-community_netinfo] AndroidManifest.xml:10:5-76
18-->[:@react-native-community_netinfo] AndroidManifest.xml:10:22-73
19    <uses-permission android:name="com.android.vending.CHECK_LICENSE" />
19-->[:rn-fetch-blob] AndroidManifest.xml:12:5-73
19-->[:rn-fetch-blob] AndroidManifest.xml:12:22-70
20    <!--
21         Required to keep CPU alive while downloading files
22        (NOT to keep screen awake)
23    -->
24    <uses-permission android:name="android.permission.WAKE_LOCK" /> <!-- Required by older versions of Google Play services to create IID tokens -->
24-->[:rn-fetch-blob] AndroidManifest.xml:21:5-68
24-->[:rn-fetch-blob] AndroidManifest.xml:21:22-65
25    <uses-permission android:name="com.google.android.c2dm.permission.RECEIVE" />
25-->[com.google.firebase:firebase-iid:20.1.1] AndroidManifest.xml:26:5-82
25-->[com.google.firebase:firebase-iid:20.1.1] AndroidManifest.xml:26:22-79
26    <uses-permission android:name="com.google.android.finsky.permission.BIND_GET_INSTALL_REFERRER_SERVICE" />
26-->[com.android.installreferrer:installreferrer:1.1.1] AndroidManifest.xml:5:5-110
26-->[com.android.installreferrer:installreferrer:1.1.1] AndroidManifest.xml:5:22-107
27    <uses-permission android:name="android.permission.READ_PHONE_STATE" />
28
29    <application
29-->src/main/AndroidManifest.xml:10:5-35:19
30        android:name="com.addtek.sportsbook.MainApplication"
30-->src/main/AndroidManifest.xml:11:7-38
31        android:allowBackup="false"
31-->src/main/AndroidManifest.xml:15:7-34
32        android:appComponentFactory="androidx.core.app.CoreComponentFactory"
32-->[androidx.core:core:1.5.0-alpha01] AndroidManifest.xml:24:18-86
33        android:debuggable="true"
34        android:icon="@drawable/icon"
34-->src/main/AndroidManifest.xml:13:7-36
35        android:label="@string/app_name"
35-->src/main/AndroidManifest.xml:12:7-39
36        android:roundIcon="@drawable/icon"
36-->src/main/AndroidManifest.xml:14:7-41
37        android:theme="@style/AppTheme"
37-->src/main/AndroidManifest.xml:16:7-38
38        android:usesCleartextTraffic="true" >
38-->src/debug/AndroidManifest.xml:7:18-53
39        <activity
39-->src/main/AndroidManifest.xml:17:7-26:18
40            android:name="com.addtek.sportsbook.SplashActivity"
40-->src/main/AndroidManifest.xml:18:11-41
41            android:label="@string/app_name"
41-->src/main/AndroidManifest.xml:20:11-43
42            android:theme="@style/SplashTheme" >
42-->src/main/AndroidManifest.xml:19:11-45
43            <intent-filter>
43-->src/main/AndroidManifest.xml:21:11-25:27
44                <action android:name="android.intent.action.MAIN" />
44-->src/main/AndroidManifest.xml:22:15-67
44-->src/main/AndroidManifest.xml:22:23-64
45
46                <category android:name="android.intent.category.LAUNCHER" />
46-->src/main/AndroidManifest.xml:23:15-75
46-->src/main/AndroidManifest.xml:23:25-72
47
48                <action android:name="android.intent.action.DOWNLOAD_COMPLETE" />
48-->src/main/AndroidManifest.xml:24:15-79
48-->src/main/AndroidManifest.xml:24:23-77
49            </intent-filter>
50        </activity>
51        <activity
51-->src/main/AndroidManifest.xml:27:7-33:34
52            android:name="com.addtek.sportsbook.MainActivity"
52-->src/main/AndroidManifest.xml:28:9-37
53            android:configChanges="keyboard|keyboardHidden|orientation|screenSize"
53-->src/main/AndroidManifest.xml:30:9-79
54            android:exported="true"
54-->src/main/AndroidManifest.xml:33:9-32
55            android:label="@string/app_name"
55-->src/main/AndroidManifest.xml:29:9-41
56            android:screenOrientation="portrait"
56-->src/main/AndroidManifest.xml:31:9-45
57            android:windowSoftInputMode="adjustResize" />
57-->src/main/AndroidManifest.xml:32:9-51
58        <activity android:name="com.facebook.react.devsupport.DevSettingsActivity" />
58-->src/main/AndroidManifest.xml:34:7-84
58-->src/main/AndroidManifest.xml:34:17-81
59
60        <provider
60-->[:rn-fetch-blob] AndroidManifest.xml:36:9-44:20
61            android:name="com.RNFetchBlob.Utils.FileProvider"
61-->[:rn-fetch-blob] AndroidManifest.xml:37:13-62
62            android:authorities="com.addtek.sportsbook.provider"
62-->[:rn-fetch-blob] AndroidManifest.xml:38:13-60
63            android:exported="false"
63-->[:rn-fetch-blob] AndroidManifest.xml:39:13-37
64            android:grantUriPermissions="true" >
64-->[:rn-fetch-blob] AndroidManifest.xml:40:13-47
65            <meta-data
65-->[:rn-fetch-blob] AndroidManifest.xml:41:13-43:58
66                android:name="android.support.FILE_PROVIDER_PATHS"
66-->[:rn-fetch-blob] AndroidManifest.xml:42:17-67
67                android:resource="@xml/provider_paths" />
67-->[:rn-fetch-blob] AndroidManifest.xml:43:17-55
68        </provider> <!-- A proxy-service that gives the library an opportunity to do some work before launching/resuming the actual application task. -->
69        <service android:name="com.wix.reactnativenotifications.core.ProxyService" />
69-->[:react-native-notifications] AndroidManifest.xml:14:9-86
69-->[:react-native-notifications] AndroidManifest.xml:14:18-83
70        <service android:name="com.wix.reactnativenotifications.fcm.FcmInstanceIdListenerService" >
70-->[:react-native-notifications] AndroidManifest.xml:15:9-20:19
70-->[:react-native-notifications] AndroidManifest.xml:15:18-98
71            <intent-filter>
71-->[:react-native-notifications] AndroidManifest.xml:16:13-19:29
72                <action android:name="com.google.firebase.MESSAGING_EVENT" />
72-->[:react-native-notifications] AndroidManifest.xml:17:17-78
72-->[:react-native-notifications] AndroidManifest.xml:17:25-75
73                <action android:name="com.google.firebase.INSTANCE_ID_EVENT" />
73-->[:react-native-notifications] AndroidManifest.xml:18:17-80
73-->[:react-native-notifications] AndroidManifest.xml:18:25-77
74            </intent-filter>
75        </service>
76        <service
76-->[:react-native-notifications] AndroidManifest.xml:21:9-23:40
77            android:name="com.wix.reactnativenotifications.fcm.FcmInstanceIdRefreshHandlerService"
77-->[:react-native-notifications] AndroidManifest.xml:22:13-99
78            android:exported="false" />
78-->[:react-native-notifications] AndroidManifest.xml:23:13-37
79        <!--
80             FirebaseMessagingService performs security checks at runtime,
81             but set to not exported to explicitly avoid allowing another app to call it.
82        -->
83        <service
83-->[com.google.firebase:firebase-messaging:20.1.2] AndroidManifest.xml:28:9-34:19
84            android:name="com.google.firebase.messaging.FirebaseMessagingService"
84-->[com.google.firebase:firebase-messaging:20.1.2] AndroidManifest.xml:29:13-82
85            android:exported="false" >
85-->[com.google.firebase:firebase-messaging:20.1.2] AndroidManifest.xml:30:13-37
86            <intent-filter android:priority="-500" >
86-->[com.google.firebase:firebase-messaging:20.1.2] AndroidManifest.xml:31:13-33:29
86-->[com.google.firebase:firebase-messaging:20.1.2] AndroidManifest.xml:31:28-51
87                <action android:name="com.google.firebase.MESSAGING_EVENT" />
87-->[:react-native-notifications] AndroidManifest.xml:17:17-78
87-->[:react-native-notifications] AndroidManifest.xml:17:25-75
88            </intent-filter>
89        </service>
90        <service
90-->[com.google.firebase:firebase-messaging:20.1.2] AndroidManifest.xml:35:9-41:19
91            android:name="com.google.firebase.components.ComponentDiscoveryService"
91-->[com.google.firebase:firebase-messaging:20.1.2] AndroidManifest.xml:36:13-84
92            android:directBootAware="true"
92-->[com.google.firebase:firebase-common:19.3.0] AndroidManifest.xml:34:13-43
93            android:exported="false" >
93-->[com.google.firebase:firebase-messaging:20.1.2] AndroidManifest.xml:37:13-37
94            <meta-data
94-->[com.google.firebase:firebase-messaging:20.1.2] AndroidManifest.xml:38:13-40:85
95                android:name="com.google.firebase.components:com.google.firebase.messaging.FirebaseMessagingRegistrar"
95-->[com.google.firebase:firebase-messaging:20.1.2] AndroidManifest.xml:39:17-119
96                android:value="com.google.firebase.components.ComponentRegistrar" />
96-->[com.google.firebase:firebase-messaging:20.1.2] AndroidManifest.xml:40:17-82
97            <meta-data
97-->[com.google.firebase:firebase-datatransport:17.0.3] AndroidManifest.xml:28:13-30:85
98                android:name="com.google.firebase.components:com.google.firebase.datatransport.TransportRegistrar"
98-->[com.google.firebase:firebase-datatransport:17.0.3] AndroidManifest.xml:29:17-115
99                android:value="com.google.firebase.components.ComponentRegistrar" />
99-->[com.google.firebase:firebase-datatransport:17.0.3] AndroidManifest.xml:30:17-82
100            <meta-data
100-->[com.google.firebase:firebase-iid:20.1.1] AndroidManifest.xml:32:13-34:85
101                android:name="com.google.firebase.components:com.google.firebase.iid.Registrar"
101-->[com.google.firebase:firebase-iid:20.1.1] AndroidManifest.xml:33:17-96
102                android:value="com.google.firebase.components.ComponentRegistrar" />
102-->[com.google.firebase:firebase-iid:20.1.1] AndroidManifest.xml:34:17-82
103            <meta-data
103-->[com.google.firebase:firebase-installations:16.0.0] AndroidManifest.xml:17:13-19:85
104                android:name="com.google.firebase.components:com.google.firebase.installations.FirebaseInstallationsRegistrar"
104-->[com.google.firebase:firebase-installations:16.0.0] AndroidManifest.xml:18:17-127
105                android:value="com.google.firebase.components.ComponentRegistrar" />
105-->[com.google.firebase:firebase-installations:16.0.0] AndroidManifest.xml:19:17-82
106        </service>
107
108        <provider
108-->[:react-native-webview] AndroidManifest.xml:12:9-20:20
109            android:name="com.reactnativecommunity.webview.RNCWebViewFileProvider"
109-->[:react-native-webview] AndroidManifest.xml:13:13-83
110            android:authorities="com.addtek.sportsbook.fileprovider"
110-->[:react-native-webview] AndroidManifest.xml:14:13-64
111            android:exported="false"
111-->[:react-native-webview] AndroidManifest.xml:15:13-37
112            android:grantUriPermissions="true" >
112-->[:react-native-webview] AndroidManifest.xml:16:13-47
113            <meta-data
113-->[:rn-fetch-blob] AndroidManifest.xml:41:13-43:58
114                android:name="android.support.FILE_PROVIDER_PATHS"
114-->[:rn-fetch-blob] AndroidManifest.xml:42:17-67
115                android:resource="@xml/file_provider_paths" />
115-->[:rn-fetch-blob] AndroidManifest.xml:43:17-55
116        </provider>
117
118        <receiver
118-->[:react-native-device-info] AndroidManifest.xml:12:9-19:20
119            android:name="com.learnium.RNDeviceInfo.RNDeviceReceiver"
119-->[:react-native-device-info] AndroidManifest.xml:13:13-70
120            android:enabled="true"
120-->[:react-native-device-info] AndroidManifest.xml:14:13-35
121            android:exported="true" >
121-->[:react-native-device-info] AndroidManifest.xml:15:13-36
122            <intent-filter>
122-->[:react-native-device-info] AndroidManifest.xml:16:13-18:29
123                <action android:name="com.android.vending.INSTALL_REFERRER" />
123-->[:react-native-device-info] AndroidManifest.xml:17:17-79
123-->[:react-native-device-info] AndroidManifest.xml:17:25-76
124            </intent-filter>
125        </receiver>
126        <receiver
126-->[com.google.firebase:firebase-iid:20.1.1] AndroidManifest.xml:37:9-44:20
127            android:name="com.google.firebase.iid.FirebaseInstanceIdReceiver"
127-->[com.google.firebase:firebase-iid:20.1.1] AndroidManifest.xml:38:13-78
128            android:exported="true"
128-->[com.google.firebase:firebase-iid:20.1.1] AndroidManifest.xml:39:13-36
129            android:permission="com.google.android.c2dm.permission.SEND" >
129-->[com.google.firebase:firebase-iid:20.1.1] AndroidManifest.xml:40:13-73
130            <intent-filter>
130-->[com.google.firebase:firebase-iid:20.1.1] AndroidManifest.xml:41:13-43:29
131                <action android:name="com.google.android.c2dm.intent.RECEIVE" />
131-->[com.google.firebase:firebase-iid:20.1.1] AndroidManifest.xml:42:17-81
131-->[com.google.firebase:firebase-iid:20.1.1] AndroidManifest.xml:42:25-78
132            </intent-filter>
133        </receiver>
134
135        <provider
135-->[com.google.firebase:firebase-common:19.3.0] AndroidManifest.xml:26:9-30:39
136            android:name="com.google.firebase.provider.FirebaseInitProvider"
136-->[com.google.firebase:firebase-common:19.3.0] AndroidManifest.xml:27:13-77
137            android:authorities="com.addtek.sportsbook.firebaseinitprovider"
137-->[com.google.firebase:firebase-common:19.3.0] AndroidManifest.xml:28:13-72
138            android:exported="false"
138-->[com.google.firebase:firebase-common:19.3.0] AndroidManifest.xml:29:13-37
139            android:initOrder="100" />
139-->[com.google.firebase:firebase-common:19.3.0] AndroidManifest.xml:30:13-36
140
141        <activity
141-->[com.google.android.gms:play-services-base:17.0.0] AndroidManifest.xml:23:9-26:75
142            android:name="com.google.android.gms.common.api.GoogleApiActivity"
142-->[com.google.android.gms:play-services-base:17.0.0] AndroidManifest.xml:24:13-79
143            android:exported="false"
143-->[com.google.android.gms:play-services-base:17.0.0] AndroidManifest.xml:25:13-37
144            android:theme="@android:style/Theme.Translucent.NoTitleBar" />
144-->[com.google.android.gms:play-services-base:17.0.0] AndroidManifest.xml:26:13-72
145
146        <meta-data
146-->[com.google.android.gms:play-services-basement:17.0.0] AndroidManifest.xml:23:9-25:69
147            android:name="com.google.android.gms.version"
147-->[com.google.android.gms:play-services-basement:17.0.0] AndroidManifest.xml:24:13-58
148            android:value="@integer/google_play_services_version" />
148-->[com.google.android.gms:play-services-basement:17.0.0] AndroidManifest.xml:25:13-66
149
150        <service
150-->[com.google.android.datatransport:transport-backend-cct:2.2.0] AndroidManifest.xml:29:9-35:19
151            android:name="com.google.android.datatransport.runtime.backends.TransportBackendDiscovery"
151-->[com.google.android.datatransport:transport-backend-cct:2.2.0] AndroidManifest.xml:30:13-103
152            android:exported="false" >
152-->[com.google.android.datatransport:transport-backend-cct:2.2.0] AndroidManifest.xml:31:13-37
153            <meta-data
153-->[com.google.android.datatransport:transport-backend-cct:2.2.0] AndroidManifest.xml:32:13-34:39
154                android:name="backend:com.google.android.datatransport.cct.CctBackendFactory"
154-->[com.google.android.datatransport:transport-backend-cct:2.2.0] AndroidManifest.xml:33:17-94
155                android:value="cct" />
155-->[com.google.android.datatransport:transport-backend-cct:2.2.0] AndroidManifest.xml:34:17-36
156        </service>
157        <service
157-->[com.google.android.datatransport:transport-runtime:2.2.0] AndroidManifest.xml:26:9-30:19
158            android:name="com.google.android.datatransport.runtime.scheduling.jobscheduling.JobInfoSchedulerService"
158-->[com.google.android.datatransport:transport-runtime:2.2.0] AndroidManifest.xml:27:13-117
159            android:exported="false"
159-->[com.google.android.datatransport:transport-runtime:2.2.0] AndroidManifest.xml:28:13-37
160            android:permission="android.permission.BIND_JOB_SERVICE" >
160-->[com.google.android.datatransport:transport-runtime:2.2.0] AndroidManifest.xml:29:13-69
161        </service>
162
163        <receiver
163-->[com.google.android.datatransport:transport-runtime:2.2.0] AndroidManifest.xml:32:9-34:40
164            android:name="com.google.android.datatransport.runtime.scheduling.jobscheduling.AlarmManagerSchedulerBroadcastReceiver"
164-->[com.google.android.datatransport:transport-runtime:2.2.0] AndroidManifest.xml:33:13-132
165            android:exported="false" />
165-->[com.google.android.datatransport:transport-runtime:2.2.0] AndroidManifest.xml:34:13-37
166    </application>
167
168</manifest>